13:48:01 **** Incremental Build of configuration Debug for project ProjectProof ****
make -j8 all 
arm-none-eabi-gcc "../Core/Src/LM35.c" -mcpu=cortex-m4 -std=gnu11 -g3 -DDEBUG -DUSE_HAL_DRIVER -DSTM32L476xx -c -I../Core/Inc -I../Drivers/STM32L4xx_HAL_Driver/Inc -I../Drivers/STM32L4xx_HAL_Driver/Inc/Legacy -I../Drivers/CMSIS/Device/ST/STM32L4xx/Include -I../Drivers/CMSIS/Include -O0 -ffunction-sections -fdata-sections -Wall -fstack-usage -fcyclomatic-complexity -MMD -MP -MF"Core/Src/LM35.d" -MT"Core/Src/LM35.o" --specs=nano.specs -mfpu=fpv4-sp-d16 -mfloat-abi=hard -mthumb -o "Core/Src/LM35.o"
arm-none-eabi-gcc "../Core/Src/LM35_cfg.c" -mcpu=cortex-m4 -std=gnu11 -g3 -DDEBUG -DUSE_HAL_DRIVER -DSTM32L476xx -c -I../Core/Inc -I../Drivers/STM32L4xx_HAL_Driver/Inc -I../Drivers/STM32L4xx_HAL_Driver/Inc/Legacy -I../Drivers/CMSIS/Device/ST/STM32L4xx/Include -I../Drivers/CMSIS/Include -O0 -ffunction-sections -fdata-sections -Wall -fstack-usage -fcyclomatic-complexity -MMD -MP -MF"Core/Src/LM35_cfg.d" -MT"Core/Src/LM35_cfg.o" --specs=nano.specs -mfpu=fpv4-sp-d16 -mfloat-abi=hard -mthumb -o "Core/Src/LM35_cfg.o"
arm-none-eabi-gcc "../Core/Src/main.c" -mcpu=cortex-m4 -std=gnu11 -g3 -DDEBUG -DUSE_HAL_DRIVER -DSTM32L476xx -c -I../Core/Inc -I../Drivers/STM32L4xx_HAL_Driver/Inc -I../Drivers/STM32L4xx_HAL_Driver/Inc/Legacy -I../Drivers/CMSIS/Device/ST/STM32L4xx/Include -I../Drivers/CMSIS/Include -O0 -ffunction-sections -fdata-sections -Wall -fstack-usage -fcyclomatic-complexity -MMD -MP -MF"Core/Src/main.d" -MT"Core/Src/main.o" --specs=nano.specs -mfpu=fpv4-sp-d16 -mfloat-abi=hard -mthumb -o "Core/Src/main.o"
arm-none-eabi-gcc "../Core/Src/stm32l4xx_hal_msp.c" -mcpu=cortex-m4 -std=gnu11 -g3 -DDEBUG -DUSE_HAL_DRIVER -DSTM32L476xx -c -I../Core/Inc -I../Drivers/STM32L4xx_HAL_Driver/Inc -I../Drivers/STM32L4xx_HAL_Driver/Inc/Legacy -I../Drivers/CMSIS/Device/ST/STM32L4xx/Include -I../Drivers/CMSIS/Include -O0 -ffunction-sections -fdata-sections -Wall -fstack-usage -fcyclomatic-complexity -MMD -MP -MF"Core/Src/stm32l4xx_hal_msp.d" -MT"Core/Src/stm32l4xx_hal_msp.o" --specs=nano.specs -mfpu=fpv4-sp-d16 -mfloat-abi=hard -mthumb -o "Core/Src/stm32l4xx_hal_msp.o"
arm-none-eabi-gcc "../Core/Src/stm32l4xx_it.c" -mcpu=cortex-m4 -std=gnu11 -g3 -DDEBUG -DUSE_HAL_DRIVER -DSTM32L476xx -c -I../Core/Inc -I../Drivers/STM32L4xx_HAL_Driver/Inc -I../Drivers/STM32L4xx_HAL_Driver/Inc/Legacy -I../Drivers/CMSIS/Device/ST/STM32L4xx/Include -I../Drivers/CMSIS/Include -O0 -ffunction-sections -fdata-sections -Wall -fstack-usage -fcyclomatic-complexity -MMD -MP -MF"Core/Src/stm32l4xx_it.d" -MT"Core/Src/stm32l4xx_it.o" --specs=nano.specs -mfpu=fpv4-sp-d16 -mfloat-abi=hard -mthumb -o "Core/Src/stm32l4xx_it.o"
arm-none-eabi-gcc "../Core/Src/syscalls.c" -mcpu=cortex-m4 -std=gnu11 -g3 -DDEBUG -DUSE_HAL_DRIVER -DSTM32L476xx -c -I../Core/Inc -I../Drivers/STM32L4xx_HAL_Driver/Inc -I../Drivers/STM32L4xx_HAL_Driver/Inc/Legacy -I../Drivers/CMSIS/Device/ST/STM32L4xx/Include -I../Drivers/CMSIS/Include -O0 -ffunction-sections -fdata-sections -Wall -fstack-usage -fcyclomatic-complexity -MMD -MP -MF"Core/Src/syscalls.d" -MT"Core/Src/syscalls.o" --specs=nano.specs -mfpu=fpv4-sp-d16 -mfloat-abi=hard -mthumb -o "Core/Src/syscalls.o"
arm-none-eabi-gcc "../Core/Src/sysmem.c" -mcpu=cortex-m4 -std=gnu11 -g3 -DDEBUG -DUSE_HAL_DRIVER -DSTM32L476xx -c -I../Core/Inc -I../Drivers/STM32L4xx_HAL_Driver/Inc -I../Drivers/STM32L4xx_HAL_Driver/Inc/Legacy -I../Drivers/CMSIS/Device/ST/STM32L4xx/Include -I../Drivers/CMSIS/Include -O0 -ffunction-sections -fdata-sections -Wall -fstack-usage -fcyclomatic-complexity -MMD -MP -MF"Core/Src/sysmem.d" -MT"Core/Src/sysmem.o" --specs=nano.specs -mfpu=fpv4-sp-d16 -mfloat-abi=hard -mthumb -o "Core/Src/sysmem.o"
arm-none-eabi-gcc "../Core/Src/system_stm32l4xx.c" -mcpu=cortex-m4 -std=gnu11 -g3 -DDEBUG -DUSE_HAL_DRIVER -DSTM32L476xx -c -I../Core/Inc -I../Drivers/STM32L4xx_HAL_Driver/Inc -I../Drivers/STM32L4xx_HAL_Driver/Inc/Legacy -I../Drivers/CMSIS/Device/ST/STM32L4xx/Include -I../Drivers/CMSIS/Include -O0 -ffunction-sections -fdata-sections -Wall -fstack-usage -fcyclomatic-complexity -MMD -MP -MF"Core/Src/system_stm32l4xx.d" -MT"Core/Src/system_stm32l4xx.o" --specs=nano.specs -mfpu=fpv4-sp-d16 -mfloat-abi=hard -mthumb -o "Core/Src/system_stm32l4xx.o"
In file included from ../Core/Src/LM35_cfg.c:13:
../Core/Inc/LM35.h:20:10: fatal error: stm32f1xx_hal.h: No such file or directory
   20 | #include "stm32f1xx_hal.h"
      |          ^~~~~~~~~~~~~~~~~
compilation terminated.
In file included from ../Core/Src/LM35.c:13:
../Core/Inc/LM35.h:20:10: fatal error: stm32f1xx_hal.h: No such file or directory
   20 | #include "stm32f1xx_hal.h"
      |          ^~~~~~~~~~~~~~~~~
compilation terminated.
make: *** [Core/Src/subdir.mk:40: Core/Src/LM35_cfg.o] Error 1
make: *** Waiting for unfinished jobs....
make: *** [Core/Src/subdir.mk:40: Core/Src/LM35.o] Error 1
../Core/Src/main.c: In function 'main':
../Core/Src/main.c:147:66: warning: implicit declaration of function 'log' [-Wimplicit-function-declaration]
  147 |                       float T_kelvin = 1 / ((1 / T0) + (1 / B) * log(RNTC / R0));
      |                                                                  ^~~
../Core/Src/main.c:26:1: note: include '<math.h>' or provide a declaration of 'log'
   25 | #include <string.h>
  +++ |+#include <math.h>
   26 | 
../Core/Src/main.c:147:66: warning: incompatible implicit declaration of built-in function 'log' [-Wbuiltin-declaration-mismatch]
  147 |                       float T_kelvin = 1 / ((1 / T0) + (1 / B) * log(RNTC / R0));
      |                                                                  ^~~
../Core/Src/main.c:147:66: note: include '<math.h>' or provide a declaration of 'log'
../Core/Src/main.c:148:31: warning: variable 'temperature' set but not used [-Wunused-but-set-variable]
  148 |                         float temperature = T_kelvin - 273.15;  // Convertir de Kelvin a Celsius
      |                               ^~~~~~~~~~~
"make -j8 all" terminated with exit code 2. Build might be incomplete.
13:51:00 **** Incremental Build of configuration Debug for project ProjectProof ****
make -j8 all 
arm-none-eabi-gcc "../Core/Src/LM35.c" -mcpu=cortex-m4 -std=gnu11 -g3 -DDEBUG -DUSE_HAL_DRIVER -DSTM32L476xx -c -I../Core/Inc -I../Drivers/STM32L4xx_HAL_Driver/Inc -I../Drivers/STM32L4xx_HAL_Driver/Inc/Legacy -I../Drivers/CMSIS/Device/ST/STM32L4xx/Include -I../Drivers/CMSIS/Include -O0 -ffunction-sections -fdata-sections -Wall -fstack-usage -fcyclomatic-complexity -MMD -MP -MF"Core/Src/LM35.d" -MT"Core/Src/LM35.o" --specs=nano.specs -mfpu=fpv4-sp-d16 -mfloat-abi=hard -mthumb -o "Core/Src/LM35.o"
arm-none-eabi-gcc "../Core/Src/LM35_cfg.c" -mcpu=cortex-m4 -std=gnu11 -g3 -DDEBUG -DUSE_HAL_DRIVER -DSTM32L476xx -c -I../Core/Inc -I../Drivers/STM32L4xx_HAL_Driver/Inc -I../Drivers/STM32L4xx_HAL_Driver/Inc/Legacy -I../Drivers/CMSIS/Device/ST/STM32L4xx/Include -I../Drivers/CMSIS/Include -O0 -ffunction-sections -fdata-sections -Wall -fstack-usage -fcyclomatic-complexity -MMD -MP -MF"Core/Src/LM35_cfg.d" -MT"Core/Src/LM35_cfg.o" --specs=nano.specs -mfpu=fpv4-sp-d16 -mfloat-abi=hard -mthumb -o "Core/Src/LM35_cfg.o"
arm-none-eabi-gcc "../Core/Src/main.c" -mcpu=cortex-m4 -std=gnu11 -g3 -DDEBUG -DUSE_HAL_DRIVER -DSTM32L476xx -c -I../Core/Inc -I../Drivers/STM32L4xx_HAL_Driver/Inc -I../Drivers/STM32L4xx_HAL_Driver/Inc/Legacy -I../Drivers/CMSIS/Device/ST/STM32L4xx/Include -I../Drivers/CMSIS/Include -O0 -ffunction-sections -fdata-sections -Wall -fstack-usage -fcyclomatic-complexity -MMD -MP -MF"Core/Src/main.d" -MT"Core/Src/main.o" --specs=nano.specs -mfpu=fpv4-sp-d16 -mfloat-abi=hard -mthumb -o "Core/Src/main.o"
In file included from ../Core/Src/LM35.c:13:
../Core/Inc/LM35.h:20:10: fatal error: stm32f1xx_hal.h: No such file or directory
   20 | #include "stm32f1xx_hal.h"
      |          ^~~~~~~~~~~~~~~~~
compilation terminated.
In file included from ../Core/Src/LM35_cfg.c:13:
../Core/Inc/LM35.h:20:10: fatal error: stm32f1xx_hal.h: No such file or directory
   20 | #include "stm32f1xx_hal.h"
      |          ^~~~~~~~~~~~~~~~~
compilation terminated.
make: *** [Core/Src/subdir.mk:40: Core/Src/LM35.o] Error 1
make: *** Waiting for unfinished jobs....
make: *** [Core/Src/subdir.mk:40: Core/Src/LM35_cfg.o] Error 1
In file included from ../Core/Src/main.c:27:
../Core/Inc/LM35.h:20:10: fatal error: stm32f1xx_hal.h: No such file or directory
   20 | #include "stm32f1xx_hal.h"
      |          ^~~~~~~~~~~~~~~~~
compilation terminated.
make: *** [Core/Src/subdir.mk:40: Core/Src/main.o] Error 1
"make -j8 all" terminated with exit code 2. Build might be incomplete.
13:51:12 **** Incremental Build of configuration Debug for project ProjectProof ****
make -j8 all 
arm-none-eabi-gcc "../Core/Src/LM35.c" -mcpu=cortex-m4 -std=gnu11 -g3 -DDEBUG -DUSE_HAL_DRIVER -DSTM32L476xx -c -I../Core/Inc -I../Drivers/STM32L4xx_HAL_Driver/Inc -I../Drivers/STM32L4xx_HAL_Driver/Inc/Legacy -I../Drivers/CMSIS/Device/ST/STM32L4xx/Include -I../Drivers/CMSIS/Include -O0 -ffunction-sections -fdata-sections -Wall -fstack-usage -fcyclomatic-complexity -MMD -MP -MF"Core/Src/LM35.d" -MT"Core/Src/LM35.o" --specs=nano.specs -mfpu=fpv4-sp-d16 -mfloat-abi=hard -mthumb -o "Core/Src/LM35.o"
arm-none-eabi-gcc "../Core/Src/LM35_cfg.c" -mcpu=cortex-m4 -std=gnu11 -g3 -DDEBUG -DUSE_HAL_DRIVER -DSTM32L476xx -c -I../Core/Inc -I../Drivers/STM32L4xx_HAL_Driver/Inc -I../Drivers/STM32L4xx_HAL_Driver/Inc/Legacy -I../Drivers/CMSIS/Device/ST/STM32L4xx/Include -I../Drivers/CMSIS/Include -O0 -ffunction-sections -fdata-sections -Wall -fstack-usage -fcyclomatic-complexity -MMD -MP -MF"Core/Src/LM35_cfg.d" -MT"Core/Src/LM35_cfg.o" --specs=nano.specs -mfpu=fpv4-sp-d16 -mfloat-abi=hard -mthumb -o "Core/Src/LM35_cfg.o"
arm-none-eabi-gcc "../Core/Src/main.c" -mcpu=cortex-m4 -std=gnu11 -g3 -DDEBUG -DUSE_HAL_DRIVER -DSTM32L476xx -c -I../Core/Inc -I../Drivers/STM32L4xx_HAL_Driver/Inc -I../Drivers/STM32L4xx_HAL_Driver/Inc/Legacy -I../Drivers/CMSIS/Device/ST/STM32L4xx/Include -I../Drivers/CMSIS/Include -O0 -ffunction-sections -fdata-sections -Wall -fstack-usage -fcyclomatic-complexity -MMD -MP -MF"Core/Src/main.d" -MT"Core/Src/main.o" --specs=nano.specs -mfpu=fpv4-sp-d16 -mfloat-abi=hard -mthumb -o "Core/Src/main.o"
In file included from ../Core/Src/LM35.c:13:
../Core/Inc/LM35.h:27:9: error: unknown type name 'GPIO_TypeDef'
   27 |         GPIO_TypeDef * LM35_GPIO;
      |         ^~~~~~~~~~~~
../Core/Inc/LM35.h:28:9: error: unknown type name 'ADC_TypeDef'
   28 |         ADC_TypeDef*   ADC_Instance;
      |         ^~~~~~~~~~~
../Core/Inc/LM35.h:29:9: error: unknown type name 'uint32_t'
   29 |         uint32_t       ADC_CH;
      |         ^~~~~~~~
../Core/Inc/LM35.h:34:16: error: unknown type name 'uint16_t'
   34 | void LM35_Init(uint16_t LM35_Instance);
      |                ^~~~~~~~
../Core/Inc/LM35.h:1:1: note: 'uint16_t' is defined in header '<stdint.h>'; did you forget to '#include <stdint.h>'?
  +++ |+#include <stdint.h>
    1 | /*
../Core/Inc/LM35.h:35:17: error: unknown type name 'uint16_t'
   35 | float LM35_Read(uint16_t LM35_Instance);
      |                 ^~~~~~~~
../Core/Inc/LM35.h:35:17: note: 'uint16_t' is defined in header '<stdint.h>'; did you forget to '#include <stdint.h>'?
../Core/Src/LM35.c:17:8: error: unknown type name 'ADC_HandleTypeDef'
   17 | static ADC_HandleTypeDef hadc = {0};
      |        ^~~~~~~~~~~~~~~~~
../Core/Src/LM35.c:18:8: error: unknown type name 'ADC_ChannelConfTypeDef'
   18 | static ADC_ChannelConfTypeDef sConfig = {0};
      |        ^~~~~~~~~~~~~~~~~~~~~~
../Core/Src/LM35.c:19:8: error: unknown type name 'uint8_t'
   19 | static uint8_t calibrated = 0;
      |        ^~~~~~~
../Core/Src/LM35.c:21:16: error: unknown type name 'uint16_t'
   21 | void LM35_Init(uint16_t LM35_Instance)
      |                ^~~~~~~~
../Core/Src/LM35.c:15:1: note: 'uint16_t' is defined in header '<stdint.h>'; did you forget to '#include <stdint.h>'?
   14 | #include "LM35_cfg.h"
  +++ |+#include <stdint.h>
   15 | //#include "../../util/DWT_Delay.h"
../Core/Src/LM35.c:61:17: error: unknown type name 'uint16_t'
   61 | float LM35_Read(uint16_t LM35_Instance)
      |                 ^~~~~~~~
../Core/Src/LM35.c:61:17: note: 'uint16_t' is defined in header '<stdint.h>'; did you forget to '#include <stdint.h>'?
../Core/Src/LM35.c:19:16: warning: 'calibrated' defined but not used [-Wunused-variable]
   19 | static uint8_t calibrated = 0;
      |                ^~~~~~~~~~
../Core/Src/LM35.c:18:31: warning: 'sConfig' defined but not used [-Wunused-variable]
   18 | static ADC_ChannelConfTypeDef sConfig = {0};
      |                               ^~~~~~~
../Core/Src/LM35.c:17:26: warning: 'hadc' defined but not used [-Wunused-variable]
   17 | static ADC_HandleTypeDef hadc = {0};
      |                          ^~~~
make: *** [Core/Src/subdir.mk:40: Core/Src/LM35.o] Error 1
make: *** Waiting for unfinished jobs....
In file included from ../Core/Src/LM35_cfg.c:13:
../Core/Inc/LM35.h:27:9: error: unknown type name 'GPIO_TypeDef'
   27 |         GPIO_TypeDef * LM35_GPIO;
      |         ^~~~~~~~~~~~
../Core/Inc/LM35.h:28:9: error: unknown type name 'ADC_TypeDef'
   28 |         ADC_TypeDef*   ADC_Instance;
      |         ^~~~~~~~~~~
../Core/Inc/LM35.h:29:9: error: unknown type name 'uint32_t'
   29 |         uint32_t       ADC_CH;
      |         ^~~~~~~~
../Core/Inc/LM35.h:34:16: error: unknown type name 'uint16_t'
   34 | void LM35_Init(uint16_t LM35_Instance);
      |                ^~~~~~~~
../Core/Inc/LM35.h:1:1: note: 'uint16_t' is defined in header '<stdint.h>'; did you forget to '#include <stdint.h>'?
  +++ |+#include <stdint.h>
    1 | /*
../Core/Inc/LM35.h:35:17: error: unknown type name 'uint16_t'
   35 | float LM35_Read(uint16_t LM35_Instance);
      |                 ^~~~~~~~
../Core/Inc/LM35.h:35:17: note: 'uint16_t' is defined in header '<stdint.h>'; did you forget to '#include <stdint.h>'?
../Core/Src/LM35_cfg.c:19:13: error: 'GPIOA' undeclared here (not in a function)
   19 |             GPIOA,
      |             ^~~~~
../Core/Src/LM35_cfg.c:20:17: error: 'ADC1' undeclared here (not in a function)
   20 |                 ADC1,
      |                 ^~~~
../Core/Src/LM35_cfg.c:21:17: error: 'ADC_CHANNEL_5' undeclared here (not in a function)
   21 |                 ADC_CHANNEL_5
      |                 ^~~~~~~~~~~~~
make: *** [Core/Src/subdir.mk:40: Core/Src/LM35_cfg.o] Error 1
../Core/Src/main.c: In function 'main':
../Core/Src/main.c:136:19: warning: pointer targets in passing argument 1 of 'sprintf' differ in signedness [-Wpointer-sign]
  136 |           sprintf(MSG, "Temp = %.3f , %.3f\r\n", Temp1, temp2);
      |                   ^~~
      |                   |
      |                   uint8_t * {aka unsigned char *}
In file included from ../Core/Src/main.c:24:
C:\ST\STM32CubeIDE_1.13.1\STM32CubeIDE\plugins\com.st.stm32cube.ide.mcu.externaltools.gnu-tools-for-stm32.12.3.rel1.win32_1.0.200.202406191623\tools\bin/../lib/gcc/arm-none-eabi/12.3.1/../../../../arm-none-eabi/include/stdio.h:250:18: note: expected 'char * restrict' but argument is of type 'uint8_t *' {aka 'unsigned char *'}
  250 | int     sprintf (char *__restrict, const char *__restrict, ...)
      |                  ^
"make -j8 all" terminated with exit code 2. Build might be incomplete.
13:51:30 **** Incremental Build of configuration Debug for project ProjectProof ****
make -j8 all 
arm-none-eabi-gcc "../Core/Src/LM35.c" -mcpu=cortex-m4 -std=gnu11 -g3 -DDEBUG -DUSE_HAL_DRIVER -DSTM32L476xx -c -I../Core/Inc -I../Drivers/STM32L4xx_HAL_Driver/Inc -I../Drivers/STM32L4xx_HAL_Driver/Inc/Legacy -I../Drivers/CMSIS/Device/ST/STM32L4xx/Include -I../Drivers/CMSIS/Include -O0 -ffunction-sections -fdata-sections -Wall -fstack-usage -fcyclomatic-complexity -MMD -MP -MF"Core/Src/LM35.d" -MT"Core/Src/LM35.o" --specs=nano.specs -mfpu=fpv4-sp-d16 -mfloat-abi=hard -mthumb -o "Core/Src/LM35.o"
arm-none-eabi-gcc "../Core/Src/LM35_cfg.c" -mcpu=cortex-m4 -std=gnu11 -g3 -DDEBUG -DUSE_HAL_DRIVER -DSTM32L476xx -c -I../Core/Inc -I../Drivers/STM32L4xx_HAL_Driver/Inc -I../Drivers/STM32L4xx_HAL_Driver/Inc/Legacy -I../Drivers/CMSIS/Device/ST/STM32L4xx/Include -I../Drivers/CMSIS/Include -O0 -ffunction-sections -fdata-sections -Wall -fstack-usage -fcyclomatic-complexity -MMD -MP -MF"Core/Src/LM35_cfg.d" -MT"Core/Src/LM35_cfg.o" --specs=nano.specs -mfpu=fpv4-sp-d16 -mfloat-abi=hard -mthumb -o "Core/Src/LM35_cfg.o"
arm-none-eabi-gcc "../Core/Src/main.c" -mcpu=cortex-m4 -std=gnu11 -g3 -DDEBUG -DUSE_HAL_DRIVER -DSTM32L476xx -c -I../Core/Inc -I../Drivers/STM32L4xx_HAL_Driver/Inc -I../Drivers/STM32L4xx_HAL_Driver/Inc/Legacy -I../Drivers/CMSIS/Device/ST/STM32L4xx/Include -I../Drivers/CMSIS/Include -O0 -ffunction-sections -fdata-sections -Wall -fstack-usage -fcyclomatic-complexity -MMD -MP -MF"Core/Src/main.d" -MT"Core/Src/main.o" --specs=nano.specs -mfpu=fpv4-sp-d16 -mfloat-abi=hard -mthumb -o "Core/Src/main.o"
In file included from ../Core/Src/LM35.c:13:
../Core/Inc/LM35.h:20:10: fatal error: stm32f1xx_hal.h: No such file or directory
   20 | #include "stm32f1xx_hal.h"
      |          ^~~~~~~~~~~~~~~~~
compilation terminated.
make: *** [Core/Src/subdir.mk:40: Core/Src/LM35.o] Error 1
make: *** Waiting for unfinished jobs....
In file included from ../Core/Src/LM35_cfg.c:13:
../Core/Inc/LM35.h:20:10: fatal error: stm32f1xx_hal.h: No such file or directory
   20 | #include "stm32f1xx_hal.h"
      |          ^~~~~~~~~~~~~~~~~
compilation terminated.
make: *** [Core/Src/subdir.mk:40: Core/Src/LM35_cfg.o] Error 1
In file included from ../Core/Src/main.c:27:
../Core/Inc/LM35.h:20:10: fatal error: stm32f1xx_hal.h: No such file or directory
   20 | #include "stm32f1xx_hal.h"
      |          ^~~~~~~~~~~~~~~~~
compilation terminated.
make: *** [Core/Src/subdir.mk:40: Core/Src/main.o] Error 1
"make -j8 all" terminated with exit code 2. Build might be incomplete.
13:53:19 **** Incremental Build of configuration Debug for project ProjectProof ****
make -j8 all 
arm-none-eabi-gcc "../Core/Src/LM35.c" -mcpu=cortex-m4 -std=gnu11 -g3 -DDEBUG -DUSE_HAL_DRIVER -DSTM32L476xx -c -I../Core/Inc -I../Drivers/STM32L4xx_HAL_Driver/Inc -I../Drivers/STM32L4xx_HAL_Driver/Inc/Legacy -I../Drivers/CMSIS/Device/ST/STM32L4xx/Include -I../Drivers/CMSIS/Include -O0 -ffunction-sections -fdata-sections -Wall -fstack-usage -fcyclomatic-complexity -MMD -MP -MF"Core/Src/LM35.d" -MT"Core/Src/LM35.o" --specs=nano.specs -mfpu=fpv4-sp-d16 -mfloat-abi=hard -mthumb -o "Core/Src/LM35.o"
arm-none-eabi-gcc "../Core/Src/LM35_cfg.c" -mcpu=cortex-m4 -std=gnu11 -g3 -DDEBUG -DUSE_HAL_DRIVER -DSTM32L476xx -c -I../Core/Inc -I../Drivers/STM32L4xx_HAL_Driver/Inc -I../Drivers/STM32L4xx_HAL_Driver/Inc/Legacy -I../Drivers/CMSIS/Device/ST/STM32L4xx/Include -I../Drivers/CMSIS/Include -O0 -ffunction-sections -fdata-sections -Wall -fstack-usage -fcyclomatic-complexity -MMD -MP -MF"Core/Src/LM35_cfg.d" -MT"Core/Src/LM35_cfg.o" --specs=nano.specs -mfpu=fpv4-sp-d16 -mfloat-abi=hard -mthumb -o "Core/Src/LM35_cfg.o"
arm-none-eabi-gcc "../Core/Src/main.c" -mcpu=cortex-m4 -std=gnu11 -g3 -DDEBUG -DUSE_HAL_DRIVER -DSTM32L476xx -c -I../Core/Inc -I../Drivers/STM32L4xx_HAL_Driver/Inc -I../Drivers/STM32L4xx_HAL_Driver/Inc/Legacy -I../Drivers/CMSIS/Device/ST/STM32L4xx/Include -I../Drivers/CMSIS/Include -O0 -ffunction-sections -fdata-sections -Wall -fstack-usage -fcyclomatic-complexity -MMD -MP -MF"Core/Src/main.d" -MT"Core/Src/main.o" --specs=nano.specs -mfpu=fpv4-sp-d16 -mfloat-abi=hard -mthumb -o "Core/Src/main.o"
../Core/Src/LM35.c: In function 'LM35_Init':
../Core/Src/LM35.c:49:32: error: 'ADC_SAMPLETIME_28CYCLES_5' undeclared (first use in this function); did you mean 'ADC_SAMPLETIME_24CYCLES_5'?
   49 |         sConfig.SamplingTime = ADC_SAMPLETIME_28CYCLES_5;
      |                                ^~~~~~~~~~~~~~~~~~~~~~~~~
      |                                ADC_SAMPLETIME_24CYCLES_5
../Core/Src/LM35.c:49:32: note: each undeclared identifier is reported only once for each function it appears in
../Core/Src/LM35.c:54:17: error: too few arguments to function 'HAL_ADCEx_Calibration_Start'
   54 |                 HAL_ADCEx_Calibration_Start(&hadc);
      |                 ^~~~~~~~~~~~~~~~~~~~~~~~~~~
In file included from ../Drivers/STM32L4xx_HAL_Driver/Inc/stm32l4xx_hal_adc.h:1901,
                 from ../Core/Inc/stm32l4xx_hal_conf.h:278,
                 from ../Drivers/STM32L4xx_HAL_Driver/Inc/stm32l4xx_hal.h:29,
                 from ../Core/Inc/LM35.h:20,
                 from ../Core/Src/LM35.c:13:
../Drivers/STM32L4xx_HAL_Driver/Inc/stm32l4xx_hal_adc_ex.h:1344:25: note: declared here
 1344 | HAL_StatusTypeDef       HAL_ADCEx_Calibration_Start(ADC_HandleTypeDef *hadc, uint32_t SingleDiff);
      |                         ^~~~~~~~~~~~~~~~~~~~~~~~~~~
../Core/Src/LM35.c:57:9: warning: implicit declaration of function 'DWT_Delay_Init' [-Wimplicit-function-declaration]
   57 |         DWT_Delay_Init();
      |         ^~~~~~~~~~~~~~
make: *** [Core/Src/subdir.mk:40: Core/Src/LM35.o] Error 1
make: *** Waiting for unfinished jobs....
../Core/Src/main.c: In function 'main':
../Core/Src/main.c:136:19: warning: pointer targets in passing argument 1 of 'sprintf' differ in signedness [-Wpointer-sign]
  136 |           sprintf(MSG, "Temp = %.3f , %.3f\r\n", Temp1, temp2);
      |                   ^~~
      |                   |
      |                   uint8_t * {aka unsigned char *}
In file included from ../Core/Src/main.c:24:
C:\ST\STM32CubeIDE_1.13.1\STM32CubeIDE\plugins\com.st.stm32cube.ide.mcu.externaltools.gnu-tools-for-stm32.12.3.rel1.win32_1.0.200.202406191623\tools\bin/../lib/gcc/arm-none-eabi/12.3.1/../../../../arm-none-eabi/include/stdio.h:250:18: note: expected 'char * restrict' but argument is of type 'uint8_t *' {aka 'unsigned char *'}
  250 | int     sprintf (char *__restrict, const char *__restrict, ...)
      |                  ^
"make -j8 all" terminated with exit code 2. Build might be incomplete.
14:03:55 **** Incremental Build of configuration Debug for project ProjectProof ****
make -j8 all 
arm-none-eabi-gcc "../Core/Src/LM35.c" -mcpu=cortex-m4 -std=gnu11 -g3 -DDEBUG -DUSE_HAL_DRIVER -DSTM32L476xx -c -I../Core/Inc -I../Drivers/STM32L4xx_HAL_Driver/Inc -I../Drivers/STM32L4xx_HAL_Driver/Inc/Legacy -I../Drivers/CMSIS/Device/ST/STM32L4xx/Include -I../Drivers/CMSIS/Include -O0 -ffunction-sections -fdata-sections -Wall -fstack-usage -fcyclomatic-complexity -MMD -MP -MF"Core/Src/LM35.d" -MT"Core/Src/LM35.o" --specs=nano.specs -mfpu=fpv4-sp-d16 -mfloat-abi=hard -mthumb -o "Core/Src/LM35.o"
arm-none-eabi-gcc "../Core/Src/main.c" -mcpu=cortex-m4 -std=gnu11 -g3 -DDEBUG -DUSE_HAL_DRIVER -DSTM32L476xx -c -I../Core/Inc -I../Drivers/STM32L4xx_HAL_Driver/Inc -I../Drivers/STM32L4xx_HAL_Driver/Inc/Legacy -I../Drivers/CMSIS/Device/ST/STM32L4xx/Include -I../Drivers/CMSIS/Include -O0 -ffunction-sections -fdata-sections -Wall -fstack-usage -fcyclomatic-complexity -MMD -MP -MF"Core/Src/main.d" -MT"Core/Src/main.o" --specs=nano.specs -mfpu=fpv4-sp-d16 -mfloat-abi=hard -mthumb -o "Core/Src/main.o"
../Core/Src/LM35.c: In function 'LM35_Init':
../Core/Src/LM35.c:49:32: error: 'ADC_SAMPLETIME_28CYCLES_5' undeclared (first use in this function); did you mean 'ADC_SAMPLETIME_24CYCLES_5'?
   49 |         sConfig.SamplingTime = ADC_SAMPLETIME_28CYCLES_5;
      |                                ^~~~~~~~~~~~~~~~~~~~~~~~~
      |                                ADC_SAMPLETIME_24CYCLES_5
../Core/Src/LM35.c:49:32: note: each undeclared identifier is reported only once for each function it appears in
../Core/Src/LM35.c:54:17: error: too few arguments to function 'HAL_ADCEx_Calibration_Start'
   54 |                 HAL_ADCEx_Calibration_Start(&hadc);
      |                 ^~~~~~~~~~~~~~~~~~~~~~~~~~~
In file included from ../Drivers/STM32L4xx_HAL_Driver/Inc/stm32l4xx_hal_adc.h:1901,
                 from ../Core/Inc/stm32l4xx_hal_conf.h:278,
                 from ../Drivers/STM32L4xx_HAL_Driver/Inc/stm32l4xx_hal.h:29,
                 from ../Core/Inc/LM35.h:20,
                 from ../Core/Src/LM35.c:13:
../Drivers/STM32L4xx_HAL_Driver/Inc/stm32l4xx_hal_adc_ex.h:1344:25: note: declared here
 1344 | HAL_StatusTypeDef       HAL_ADCEx_Calibration_Start(ADC_HandleTypeDef *hadc, uint32_t SingleDiff);
      |                         ^~~~~~~~~~~~~~~~~~~~~~~~~~~
../Core/Src/LM35.c:57:9: warning: implicit declaration of function 'DWT_Delay_Init' [-Wimplicit-function-declaration]
   57 |         DWT_Delay_Init();
      |         ^~~~~~~~~~~~~~
../Core/Src/main.c: In function 'main':
../Core/Src/main.c:136:19: warning: pointer targets in passing argument 1 of 'sprintf' differ in signedness [-Wpointer-sign]
  136 |           sprintf(MSG, "Temp = %.3f , %.3f\r\n", Temp1, temp2);
      |                   ^~~
      |                   |
      |                   uint8_t * {aka unsigned char *}
In file included from ../Core/Src/main.c:24:
C:\ST\STM32CubeIDE_1.13.1\STM32CubeIDE\plugins\com.st.stm32cube.ide.mcu.externaltools.gnu-tools-for-stm32.12.3.rel1.win32_1.0.200.202406191623\tools\bin/../lib/gcc/arm-none-eabi/12.3.1/../../../../arm-none-eabi/include/stdio.h:250:18: note: expected 'char * restrict' but argument is of type 'uint8_t *' {aka 'unsigned char *'}
  250 | int     sprintf (char *__restrict, const char *__restrict, ...)
      |                  ^
make: *** [Core/Src/subdir.mk:40: Core/Src/LM35.o] Error 1
make: *** Waiting for unfinished jobs....
"make -j8 all" terminated with exit code 2. Build might be incomplete.
14:04:59 **** Incremental Build of configuration Debug for project ProjectProof ****
make -j8 all 
arm-none-eabi-gcc "../Core/Src/LM35.c" -mcpu=cortex-m4 -std=gnu11 -g3 -DDEBUG -DUSE_HAL_DRIVER -DSTM32L476xx -c -I../Core/Inc -I../Drivers/STM32L4xx_HAL_Driver/Inc -I../Drivers/STM32L4xx_HAL_Driver/Inc/Legacy -I../Drivers/CMSIS/Device/ST/STM32L4xx/Include -I../Drivers/CMSIS/Include -O0 -ffunction-sections -fdata-sections -Wall -fstack-usage -fcyclomatic-complexity -MMD -MP -MF"Core/Src/LM35.d" -MT"Core/Src/LM35.o" --specs=nano.specs -mfpu=fpv4-sp-d16 -mfloat-abi=hard -mthumb -o "Core/Src/LM35.o"
../Core/Src/LM35.c: In function 'LM35_Init':
../Core/Src/LM35.c:54:17: error: too few arguments to function 'HAL_ADCEx_Calibration_Start'
   54 |                 HAL_ADCEx_Calibration_Start(&hadc);
      |                 ^~~~~~~~~~~~~~~~~~~~~~~~~~~
In file included from ../Drivers/STM32L4xx_HAL_Driver/Inc/stm32l4xx_hal_adc.h:1901,
                 from ../Core/Inc/stm32l4xx_hal_conf.h:278,
                 from ../Drivers/STM32L4xx_HAL_Driver/Inc/stm32l4xx_hal.h:29,
                 from ../Core/Inc/LM35.h:20,
                 from ../Core/Src/LM35.c:13:
../Drivers/STM32L4xx_HAL_Driver/Inc/stm32l4xx_hal_adc_ex.h:1344:25: note: declared here
 1344 | HAL_StatusTypeDef       HAL_ADCEx_Calibration_Start(ADC_HandleTypeDef *hadc, uint32_t SingleDiff);
      |                         ^~~~~~~~~~~~~~~~~~~~~~~~~~~
../Core/Src/LM35.c:57:9: warning: implicit declaration of function 'DWT_Delay_Init' [-Wimplicit-function-declaration]
   57 |         DWT_Delay_Init();
      |         ^~~~~~~~~~~~~~
make: *** [Core/Src/subdir.mk:40: Core/Src/LM35.o] Error 1
"make -j8 all" terminated with exit code 2. Build might be incomplete.
14:06:29 **** Incremental Build of configuration Debug for project ProjectProof ****
make -j8 all 
arm-none-eabi-gcc "../Core/Src/LM35.c" -mcpu=cortex-m4 -std=gnu11 -g3 -DDEBUG -DUSE_HAL_DRIVER -DSTM32L476xx -c -I../Core/Inc -I../Drivers/STM32L4xx_HAL_Driver/Inc -I../Drivers/STM32L4xx_HAL_Driver/Inc/Legacy -I../Drivers/CMSIS/Device/ST/STM32L4xx/Include -I../Drivers/CMSIS/Include -O0 -ffunction-sections -fdata-sections -Wall -fstack-usage -fcyclomatic-complexity -MMD -MP -MF"Core/Src/LM35.d" -MT"Core/Src/LM35.o" --specs=nano.specs -mfpu=fpv4-sp-d16 -mfloat-abi=hard -mthumb -o "Core/Src/LM35.o"
../Core/Src/LM35.c: In function 'LM35_Init':
../Core/Src/LM35.c:57:9: warning: implicit declaration of function 'DWT_Delay_Init' [-Wimplicit-function-declaration]
   57 |         DWT_Delay_Init();
      |         ^~~~~~~~~~~~~~
arm-none-eabi-gcc -o "ProjectProof.elf" @"objects.list"   -mcpu=cortex-m4 -T"C:\Users\MateoAlmeida\Desktop\7mo\CS\ProjectStuff\ProjectADV\ProjectProof\STM32L476RGTX_FLASH.ld" --specs=nosys.specs -Wl,-Map="ProjectProof.map" -Wl,--gc-sections -static --specs=nano.specs -mfpu=fpv4-sp-d16 -mfloat-abi=hard -mthumb -Wl,--start-group -lc -lm -Wl,--end-group
C:/ST/STM32CubeIDE_1.13.1/STM32CubeIDE/plugins/com.st.stm32cube.ide.mcu.externaltools.gnu-tools-for-stm32.12.3.rel1.win32_1.0.200.202406191623/tools/bin/../lib/gcc/arm-none-eabi/12.3.1/../../../../arm-none-eabi/bin/ld.exe: ./Core/Src/LM35.o: in function `LM35_Init':
C:/Users/MateoAlmeida/Desktop/7mo/CS/ProjectStuff/ProjectADV/ProjectProof/Debug/../Core/Src/LM35.c:57: undefined reference to `DWT_Delay_Init'
collect2.exe: error: ld returned 1 exit status
make: *** [makefile:64: ProjectProof.elf] Error 1
"make -j8 all" terminated with exit code 2. Build might be incomplete.
14:07:44 **** Incremental Build of configuration Debug for project ProjectProof ****
make -j8 all 
arm-none-eabi-gcc "../Core/Src/LM35.c" -mcpu=cortex-m4 -std=gnu11 -g3 -DDEBUG -DUSE_HAL_DRIVER -DSTM32L476xx -c -I../Core/Inc -I../Drivers/STM32L4xx_HAL_Driver/Inc -I../Drivers/STM32L4xx_HAL_Driver/Inc/Legacy -I../Drivers/CMSIS/Device/ST/STM32L4xx/Include -I../Drivers/CMSIS/Include -O0 -ffunction-sections -fdata-sections -Wall -fstack-usage -fcyclomatic-complexity -MMD -MP -MF"Core/Src/LM35.d" -MT"Core/Src/LM35.o" --specs=nano.specs -mfpu=fpv4-sp-d16 -mfloat-abi=hard -mthumb -o "Core/Src/LM35.o"
arm-none-eabi-gcc -o "ProjectProof.elf" @"objects.list"   -mcpu=cortex-m4 -T"C:\Users\MateoAlmeida\Desktop\7mo\CS\ProjectStuff\ProjectADV\ProjectProof\STM32L476RGTX_FLASH.ld" --specs=nosys.specs -Wl,-Map="ProjectProof.map" -Wl,--gc-sections -static --specs=nano.specs -mfpu=fpv4-sp-d16 -mfloat-abi=hard -mthumb -Wl,--start-group -lc -lm -Wl,--end-group
Finished building target: ProjectProof.elf
 
arm-none-eabi-size  ProjectProof.elf 
arm-none-eabi-objdump -h -S ProjectProof.elf  > "ProjectProof.list"
   text	   data	    bss	    dec	    hex	filename
  27296	     92	   2268	  29656	   73d8	ProjectProof.elf
Finished building: default.size.stdout
 
Finished building: ProjectProof.list
 
